<?xml version="1.0" encoding="UTF-8"?>
<testsuite xmlns:xsi="http://www.w3.org/2001/XMLSchema-instance" xsi:noNamespaceSchemaLocation="https://maven.apache.org/surefire/maven-surefire-plugin/xsd/surefire-test-report.xsd" name="com.pro0inter.HeyDocServer.HeyDocServerApplicationTests" time="0.189" tests="1" errors="1" skipped="0" failures="0">
  <properties>
    <property name="sun.desktop" value="gnome"/>
    <property name="awt.toolkit" value="sun.awt.X11.XToolkit"/>
    <property name="file.encoding.pkg" value="sun.io"/>
    <property name="java.specification.version" value="1.8"/>
    <property name="sun.cpu.isalist" value=""/>
    <property name="sun.jnu.encoding" value="UTF-8"/>
    <property name="java.class.path" value="/home/redayoub/IdeaProjects/HeyDocServer2/target/test-classes:/home/redayoub/IdeaProjects/HeyDocServer2/target/classes:/home/redayoub/.m2/repository/org/springframework/boot/spring-boot-starter-data-jpa/2.0.8.RELEASE/spring-boot-starter-data-jpa-2.0.8.RELEASE.jar:/home/redayoub/.m2/repository/org/springframework/boot/spring-boot-starter/2.0.8.RELEASE/spring-boot-starter-2.0.8.RELEASE.jar:/home/redayoub/.m2/repository/org/springframework/boot/spring-boot-starter-logging/2.0.8.RELEASE/spring-boot-starter-logging-2.0.8.RELEASE.jar:/home/redayoub/.m2/repository/ch/qos/logback/logback-classic/1.2.3/logback-classic-1.2.3.jar:/home/redayoub/.m2/repository/ch/qos/logback/logback-core/1.2.3/logback-core-1.2.3.jar:/home/redayoub/.m2/repository/org/apache/logging/log4j/log4j-to-slf4j/2.10.0/log4j-to-slf4j-2.10.0.jar:/home/redayoub/.m2/repository/org/apache/logging/log4j/log4j-api/2.10.0/log4j-api-2.10.0.jar:/home/redayoub/.m2/repository/org/slf4j/jul-to-slf4j/1.7.25/jul-to-slf4j-1.7.25.jar:/home/redayoub/.m2/repository/javax/annotation/javax.annotation-api/1.3.2/javax.annotation-api-1.3.2.jar:/home/redayoub/.m2/repository/org/yaml/snakeyaml/1.19/snakeyaml-1.19.jar:/home/redayoub/.m2/repository/org/springframework/boot/spring-boot-starter-aop/2.0.8.RELEASE/spring-boot-starter-aop-2.0.8.RELEASE.jar:/home/redayoub/.m2/repository/org/springframework/spring-aop/5.0.12.RELEASE/spring-aop-5.0.12.RELEASE.jar:/home/redayoub/.m2/repository/org/aspectj/aspectjweaver/1.8.13/aspectjweaver-1.8.13.jar:/home/redayoub/.m2/repository/org/springframework/boot/spring-boot-starter-jdbc/2.0.8.RELEASE/spring-boot-starter-jdbc-2.0.8.RELEASE.jar:/home/redayoub/.m2/repository/com/zaxxer/HikariCP/2.7.9/HikariCP-2.7.9.jar:/home/redayoub/.m2/repository/org/springframework/spring-jdbc/5.0.12.RELEASE/spring-jdbc-5.0.12.RELEASE.jar:/home/redayoub/.m2/repository/javax/transaction/javax.transaction-api/1.2/javax.transaction-api-1.2.jar:/home/redayoub/.m2/repository/org/hibernate/hibernate-core/5.2.17.Final/hibernate-core-5.2.17.Final.jar:/home/redayoub/.m2/repository/org/jboss/logging/jboss-logging/3.3.2.Final/jboss-logging-3.3.2.Final.jar:/home/redayoub/.m2/repository/org/hibernate/javax/persistence/hibernate-jpa-2.1-api/1.0.2.Final/hibernate-jpa-2.1-api-1.0.2.Final.jar:/home/redayoub/.m2/repository/org/javassist/javassist/3.22.0-GA/javassist-3.22.0-GA.jar:/home/redayoub/.m2/repository/antlr/antlr/2.7.7/antlr-2.7.7.jar:/home/redayoub/.m2/repository/org/jboss/jandex/2.0.3.Final/jandex-2.0.3.Final.jar:/home/redayoub/.m2/repository/com/fasterxml/classmate/1.3.4/classmate-1.3.4.jar:/home/redayoub/.m2/repository/dom4j/dom4j/1.6.1/dom4j-1.6.1.jar:/home/redayoub/.m2/repository/org/hibernate/common/hibernate-commons-annotations/5.0.1.Final/hibernate-commons-annotations-5.0.1.Final.jar:/home/redayoub/.m2/repository/org/springframework/data/spring-data-jpa/2.0.13.RELEASE/spring-data-jpa-2.0.13.RELEASE.jar:/home/redayoub/.m2/repository/org/springframework/data/spring-data-commons/2.0.13.RELEASE/spring-data-commons-2.0.13.RELEASE.jar:/home/redayoub/.m2/repository/org/springframework/spring-orm/5.0.12.RELEASE/spring-orm-5.0.12.RELEASE.jar:/home/redayoub/.m2/repository/org/springframework/spring-context/5.0.12.RELEASE/spring-context-5.0.12.RELEASE.jar:/home/redayoub/.m2/repository/org/springframework/spring-tx/5.0.12.RELEASE/spring-tx-5.0.12.RELEASE.jar:/home/redayoub/.m2/repository/org/springframework/spring-beans/5.0.12.RELEASE/spring-beans-5.0.12.RELEASE.jar:/home/redayoub/.m2/repository/org/springframework/spring-aspects/5.0.12.RELEASE/spring-aspects-5.0.12.RELEASE.jar:/home/redayoub/.m2/repository/org/springframework/boot/spring-boot-starter-web/2.0.8.RELEASE/spring-boot-starter-web-2.0.8.RELEASE.jar:/home/redayoub/.m2/repository/org/springframework/boot/spring-boot-starter-json/2.0.8.RELEASE/spring-boot-starter-json-2.0.8.RELEASE.jar:/home/redayoub/.m2/repository/com/fasterxml/jackson/core/jackson-databind/2.9.8/jackson-databind-2.9.8.jar:/home/redayoub/.m2/repository/com/fasterxml/jackson/core/jackson-annotations/2.9.0/jackson-annotations-2.9.0.jar:/home/redayoub/.m2/repository/com/fasterxml/jackson/core/jackson-core/2.9.8/jackson-core-2.9.8.jar:/home/redayoub/.m2/repository/com/fasterxml/jackson/datatype/jackson-datatype-jdk8/2.9.8/jackson-datatype-jdk8-2.9.8.jar:/home/redayoub/.m2/repository/com/fasterxml/jackson/datatype/jackson-datatype-jsr310/2.9.8/jackson-datatype-jsr310-2.9.8.jar:/home/redayoub/.m2/repository/com/fasterxml/jackson/module/jackson-module-parameter-names/2.9.8/jackson-module-parameter-names-2.9.8.jar:/home/redayoub/.m2/repository/org/springframework/boot/spring-boot-starter-tomcat/2.0.8.RELEASE/spring-boot-starter-tomcat-2.0.8.RELEASE.jar:/home/redayoub/.m2/repository/org/apache/tomcat/embed/tomcat-embed-core/8.5.37/tomcat-embed-core-8.5.37.jar:/home/redayoub/.m2/repository/org/apache/tomcat/embed/tomcat-embed-el/8.5.37/tomcat-embed-el-8.5.37.jar:/home/redayoub/.m2/repository/org/apache/tomcat/embed/tomcat-embed-websocket/8.5.37/tomcat-embed-websocket-8.5.37.jar:/home/redayoub/.m2/repository/org/hibernate/validator/hibernate-validator/6.0.14.Final/hibernate-validator-6.0.14.Final.jar:/home/redayoub/.m2/repository/javax/validation/validation-api/2.0.1.Final/validation-api-2.0.1.Final.jar:/home/redayoub/.m2/repository/org/springframework/spring-web/5.0.12.RELEASE/spring-web-5.0.12.RELEASE.jar:/home/redayoub/.m2/repository/org/springframework/spring-webmvc/5.0.12.RELEASE/spring-webmvc-5.0.12.RELEASE.jar:/home/redayoub/.m2/repository/org/springframework/spring-expression/5.0.12.RELEASE/spring-expression-5.0.12.RELEASE.jar:/home/redayoub/.m2/repository/org/springframework/boot/spring-boot-devtools/2.0.8.RELEASE/spring-boot-devtools-2.0.8.RELEASE.jar:/home/redayoub/.m2/repository/org/springframework/boot/spring-boot/2.0.8.RELEASE/spring-boot-2.0.8.RELEASE.jar:/home/redayoub/.m2/repository/org/springframework/boot/spring-boot-autoconfigure/2.0.8.RELEASE/spring-boot-autoconfigure-2.0.8.RELEASE.jar:/home/redayoub/.m2/repository/mysql/mysql-connector-java/5.1.47/mysql-connector-java-5.1.47.jar:/home/redayoub/.m2/repository/org/springframework/boot/spring-boot-starter-test/2.0.8.RELEASE/spring-boot-starter-test-2.0.8.RELEASE.jar:/home/redayoub/.m2/repository/org/springframework/boot/spring-boot-test/2.0.8.RELEASE/spring-boot-test-2.0.8.RELEASE.jar:/home/redayoub/.m2/repository/org/springframework/boot/spring-boot-test-autoconfigure/2.0.8.RELEASE/spring-boot-test-autoconfigure-2.0.8.RELEASE.jar:/home/redayoub/.m2/repository/com/jayway/jsonpath/json-path/2.4.0/json-path-2.4.0.jar:/home/redayoub/.m2/repository/net/minidev/json-smart/2.3/json-smart-2.3.jar:/home/redayoub/.m2/repository/net/minidev/accessors-smart/1.2/accessors-smart-1.2.jar:/home/redayoub/.m2/repository/org/ow2/asm/asm/5.0.4/asm-5.0.4.jar:/home/redayoub/.m2/repository/junit/junit/4.12/junit-4.12.jar:/home/redayoub/.m2/repository/org/assertj/assertj-core/3.9.1/assertj-core-3.9.1.jar:/home/redayoub/.m2/repository/org/mockito/mockito-core/2.15.0/mockito-core-2.15.0.jar:/home/redayoub/.m2/repository/net/bytebuddy/byte-buddy/1.7.11/byte-buddy-1.7.11.jar:/home/redayoub/.m2/repository/net/bytebuddy/byte-buddy-agent/1.7.11/byte-buddy-agent-1.7.11.jar:/home/redayoub/.m2/repository/org/objenesis/objenesis/2.6/objenesis-2.6.jar:/home/redayoub/.m2/repository/org/hamcrest/hamcrest-core/1.3/hamcrest-core-1.3.jar:/home/redayoub/.m2/repository/org/hamcrest/hamcrest-library/1.3/hamcrest-library-1.3.jar:/home/redayoub/.m2/repository/org/skyscreamer/jsonassert/1.5.0/jsonassert-1.5.0.jar:/home/redayoub/.m2/repository/com/vaadin/external/google/android-json/0.0.20131108.vaadin1/android-json-0.0.20131108.vaadin1.jar:/home/redayoub/.m2/repository/org/springframework/spring-core/5.0.12.RELEASE/spring-core-5.0.12.RELEASE.jar:/home/redayoub/.m2/repository/org/springframework/spring-jcl/5.0.12.RELEASE/spring-jcl-5.0.12.RELEASE.jar:/home/redayoub/.m2/repository/org/springframework/spring-test/5.0.12.RELEASE/spring-test-5.0.12.RELEASE.jar:/home/redayoub/.m2/repository/org/xmlunit/xmlunit-core/2.5.1/xmlunit-core-2.5.1.jar:/home/redayoub/.m2/repository/com/google/firebase/firebase-admin/6.8.0/firebase-admin-6.8.0.jar:/home/redayoub/.m2/repository/com/google/api-client/google-api-client/1.25.0/google-api-client-1.25.0.jar:/home/redayoub/.m2/repository/com/google/oauth-client/google-oauth-client/1.25.0/google-oauth-client-1.25.0.jar:/home/redayoub/.m2/repository/com/google/http-client/google-http-client-jackson2/1.25.0/google-http-client-jackson2-1.25.0.jar:/home/redayoub/.m2/repository/com/google/api-client/google-api-client-gson/1.25.0/google-api-client-gson-1.25.0.jar:/home/redayoub/.m2/repository/com/google/http-client/google-http-client-gson/1.25.0/google-http-client-gson-1.25.0.jar:/home/redayoub/.m2/repository/com/google/code/gson/gson/2.8.5/gson-2.8.5.jar:/home/redayoub/.m2/repository/com/google/http-client/google-http-client/1.25.0/google-http-client-1.25.0.jar:/home/redayoub/.m2/repository/com/google/code/findbugs/jsr305/3.0.2/jsr305-3.0.2.jar:/home/redayoub/.m2/repository/org/apache/httpcomponents/httpclient/4.5.6/httpclient-4.5.6.jar:/home/redayoub/.m2/repository/org/apache/httpcomponents/httpcore/4.4.10/httpcore-4.4.10.jar:/home/redayoub/.m2/repository/commons-codec/commons-codec/1.11/commons-codec-1.11.jar:/home/redayoub/.m2/repository/com/google/j2objc/j2objc-annotations/1.1/j2objc-annotations-1.1.jar:/home/redayoub/.m2/repository/com/google/api/api-common/1.7.0/api-common-1.7.0.jar:/home/redayoub/.m2/repository/com/google/auth/google-auth-library-oauth2-http/0.11.0/google-auth-library-oauth2-http-0.11.0.jar:/home/redayoub/.m2/repository/com/google/auth/google-auth-library-credentials/0.11.0/google-auth-library-credentials-0.11.0.jar:/home/redayoub/.m2/repository/com/google/cloud/google-cloud-storage/1.43.0/google-cloud-storage-1.43.0.jar:/home/redayoub/.m2/repository/com/google/cloud/google-cloud-core/1.43.0/google-cloud-core-1.43.0.jar:/home/redayoub/.m2/repository/joda-time/joda-time/2.9.9/joda-time-2.9.9.jar:/home/redayoub/.m2/repository/com/google/api/gax/1.30.0/gax-1.30.0.jar:/home/redayoub/.m2/repository/com/google/protobuf/protobuf-java-util/3.6.0/protobuf-java-util-3.6.0.jar:/home/redayoub/.m2/repository/com/google/api/grpc/proto-google-common-protos/1.12.0/proto-google-common-protos-1.12.0.jar:/home/redayoub/.m2/repository/com/google/api/grpc/proto-google-iam-v1/0.12.0/proto-google-iam-v1-0.12.0.jar:/home/redayoub/.m2/repository/com/google/cloud/google-cloud-core-http/1.43.0/google-cloud-core-http-1.43.0.jar:/home/redayoub/.m2/repository/com/google/http-client/google-http-client-appengine/1.24.1/google-http-client-appengine-1.24.1.jar:/home/redayoub/.m2/repository/com/google/http-client/google-http-client-jackson/1.24.1/google-http-client-jackson-1.24.1.jar:/home/redayoub/.m2/repository/org/codehaus/jackson/jackson-core-asl/1.9.11/jackson-core-asl-1.9.11.jar:/home/redayoub/.m2/repository/com/google/api/gax-httpjson/0.47.0/gax-httpjson-0.47.0.jar:/home/redayoub/.m2/repository/io/opencensus/opencensus-contrib-http-util/0.15.0/opencensus-contrib-http-util-0.15.0.jar:/home/redayoub/.m2/repository/com/google/apis/google-api-services-storage/v1-rev135-1.24.1/google-api-services-storage-v1-rev135-1.24.1.jar:/home/redayoub/.m2/repository/com/google/cloud/google-cloud-firestore/0.61.0-beta/google-cloud-firestore-0.61.0-beta.jar:/home/redayoub/.m2/repository/com/google/cloud/google-cloud-core-grpc/1.43.0/google-cloud-core-grpc-1.43.0.jar:/home/redayoub/.m2/repository/com/google/protobuf/protobuf-java/3.6.0/protobuf-java-3.6.0.jar:/home/redayoub/.m2/repository/io/grpc/grpc-protobuf/1.13.1/grpc-protobuf-1.13.1.jar:/home/redayoub/.m2/repository/io/grpc/grpc-protobuf-lite/1.13.1/grpc-protobuf-lite-1.13.1.jar:/home/redayoub/.m2/repository/io/grpc/grpc-context/1.13.1/grpc-context-1.13.1.jar:/home/redayoub/.m2/repository/com/google/api/gax-grpc/1.30.0/gax-grpc-1.30.0.jar:/home/redayoub/.m2/repository/org/threeten/threetenbp/1.3.3/threetenbp-1.3.3.jar:/home/redayoub/.m2/repository/com/google/api/grpc/proto-google-cloud-firestore-v1beta1/0.26.0/proto-google-cloud-firestore-v1beta1-0.26.0.jar:/home/redayoub/.m2/repository/com/google/auto/value/auto-value/1.4/auto-value-1.4.jar:/home/redayoub/.m2/repository/io/grpc/grpc-netty-shaded/1.13.1/grpc-netty-shaded-1.13.1.jar:/home/redayoub/.m2/repository/io/grpc/grpc-core/1.13.1/grpc-core-1.13.1.jar:/home/redayoub/.m2/repository/com/google/errorprone/error_prone_annotations/2.1.2/error_prone_annotations-2.1.2.jar:/home/redayoub/.m2/repository/io/opencensus/opencensus-contrib-grpc-metrics/0.12.3/opencensus-contrib-grpc-metrics-0.12.3.jar:/home/redayoub/.m2/repository/io/grpc/grpc-stub/1.13.1/grpc-stub-1.13.1.jar:/home/redayoub/.m2/repository/io/grpc/grpc-auth/1.13.1/grpc-auth-1.13.1.jar:/home/redayoub/.m2/repository/io/opencensus/opencensus-api/0.15.0/opencensus-api-0.15.0.jar:/home/redayoub/.m2/repository/io/opencensus/opencensus-contrib-grpc-util/0.15.0/opencensus-contrib-grpc-util-0.15.0.jar:/home/redayoub/.m2/repository/com/google/guava/guava/20.0/guava-20.0.jar:/home/redayoub/.m2/repository/org/slf4j/slf4j-api/1.7.25/slf4j-api-1.7.25.jar:/home/redayoub/.m2/repository/io/netty/netty-codec-http/4.1.31.Final/netty-codec-http-4.1.31.Final.jar:/home/redayoub/.m2/repository/io/netty/netty-codec/4.1.31.Final/netty-codec-4.1.31.Final.jar:/home/redayoub/.m2/repository/io/netty/netty-handler/4.1.31.Final/netty-handler-4.1.31.Final.jar:/home/redayoub/.m2/repository/io/netty/netty-buffer/4.1.31.Final/netty-buffer-4.1.31.Final.jar:/home/redayoub/.m2/repository/io/netty/netty-common/4.1.31.Final/netty-common-4.1.31.Final.jar:/home/redayoub/.m2/repository/io/netty/netty-transport/4.1.31.Final/netty-transport-4.1.31.Final.jar:/home/redayoub/.m2/repository/io/netty/netty-resolver/4.1.31.Final/netty-resolver-4.1.31.Final.jar:/home/redayoub/.m2/repository/org/modelmapper/modelmapper/2.3.0/modelmapper-2.3.0.jar:/home/redayoub/.m2/repository/org/projectlombok/lombok/1.16.22/lombok-1.16.22.jar:"/>
    <property name="java.vm.vendor" value="Oracle Corporation"/>
    <property name="sun.arch.data.model" value="64"/>
    <property name="java.vendor.url" value="http://java.oracle.com/"/>
    <property name="user.timezone" value=""/>
    <property name="java.vm.specification.version" value="1.8"/>
    <property name="os.name" value="Linux"/>
    <property name="user.country" value="US"/>
    <property name="sun.java.launcher" value="SUN_STANDARD"/>
    <property name="sun.boot.library.path" value="/opt/java/jdk1.8.0_211/jre/lib/amd64"/>
    <property name="sun.java.command" value="/home/redayoub/IdeaProjects/HeyDocServer2/target/surefire/surefirebooter3964798266294214034.jar /home/redayoub/IdeaProjects/HeyDocServer2/target/surefire 2019-06-11T20-58-46_924-jvmRun1 surefire8872177784320462657tmp surefire_08266030728515717333tmp"/>
    <property name="surefire.test.class.path" value="/home/redayoub/IdeaProjects/HeyDocServer2/target/test-classes:/home/redayoub/IdeaProjects/HeyDocServer2/target/classes:/home/redayoub/.m2/repository/org/springframework/boot/spring-boot-starter-data-jpa/2.0.8.RELEASE/spring-boot-starter-data-jpa-2.0.8.RELEASE.jar:/home/redayoub/.m2/repository/org/springframework/boot/spring-boot-starter/2.0.8.RELEASE/spring-boot-starter-2.0.8.RELEASE.jar:/home/redayoub/.m2/repository/org/springframework/boot/spring-boot-starter-logging/2.0.8.RELEASE/spring-boot-starter-logging-2.0.8.RELEASE.jar:/home/redayoub/.m2/repository/ch/qos/logback/logback-classic/1.2.3/logback-classic-1.2.3.jar:/home/redayoub/.m2/repository/ch/qos/logback/logback-core/1.2.3/logback-core-1.2.3.jar:/home/redayoub/.m2/repository/org/apache/logging/log4j/log4j-to-slf4j/2.10.0/log4j-to-slf4j-2.10.0.jar:/home/redayoub/.m2/repository/org/apache/logging/log4j/log4j-api/2.10.0/log4j-api-2.10.0.jar:/home/redayoub/.m2/repository/org/slf4j/jul-to-slf4j/1.7.25/jul-to-slf4j-1.7.25.jar:/home/redayoub/.m2/repository/javax/annotation/javax.annotation-api/1.3.2/javax.annotation-api-1.3.2.jar:/home/redayoub/.m2/repository/org/yaml/snakeyaml/1.19/snakeyaml-1.19.jar:/home/redayoub/.m2/repository/org/springframework/boot/spring-boot-starter-aop/2.0.8.RELEASE/spring-boot-starter-aop-2.0.8.RELEASE.jar:/home/redayoub/.m2/repository/org/springframework/spring-aop/5.0.12.RELEASE/spring-aop-5.0.12.RELEASE.jar:/home/redayoub/.m2/repository/org/aspectj/aspectjweaver/1.8.13/aspectjweaver-1.8.13.jar:/home/redayoub/.m2/repository/org/springframework/boot/spring-boot-starter-jdbc/2.0.8.RELEASE/spring-boot-starter-jdbc-2.0.8.RELEASE.jar:/home/redayoub/.m2/repository/com/zaxxer/HikariCP/2.7.9/HikariCP-2.7.9.jar:/home/redayoub/.m2/repository/org/springframework/spring-jdbc/5.0.12.RELEASE/spring-jdbc-5.0.12.RELEASE.jar:/home/redayoub/.m2/repository/javax/transaction/javax.transaction-api/1.2/javax.transaction-api-1.2.jar:/home/redayoub/.m2/repository/org/hibernate/hibernate-core/5.2.17.Final/hibernate-core-5.2.17.Final.jar:/home/redayoub/.m2/repository/org/jboss/logging/jboss-logging/3.3.2.Final/jboss-logging-3.3.2.Final.jar:/home/redayoub/.m2/repository/org/hibernate/javax/persistence/hibernate-jpa-2.1-api/1.0.2.Final/hibernate-jpa-2.1-api-1.0.2.Final.jar:/home/redayoub/.m2/repository/org/javassist/javassist/3.22.0-GA/javassist-3.22.0-GA.jar:/home/redayoub/.m2/repository/antlr/antlr/2.7.7/antlr-2.7.7.jar:/home/redayoub/.m2/repository/org/jboss/jandex/2.0.3.Final/jandex-2.0.3.Final.jar:/home/redayoub/.m2/repository/com/fasterxml/classmate/1.3.4/classmate-1.3.4.jar:/home/redayoub/.m2/repository/dom4j/dom4j/1.6.1/dom4j-1.6.1.jar:/home/redayoub/.m2/repository/org/hibernate/common/hibernate-commons-annotations/5.0.1.Final/hibernate-commons-annotations-5.0.1.Final.jar:/home/redayoub/.m2/repository/org/springframework/data/spring-data-jpa/2.0.13.RELEASE/spring-data-jpa-2.0.13.RELEASE.jar:/home/redayoub/.m2/repository/org/springframework/data/spring-data-commons/2.0.13.RELEASE/spring-data-commons-2.0.13.RELEASE.jar:/home/redayoub/.m2/repository/org/springframework/spring-orm/5.0.12.RELEASE/spring-orm-5.0.12.RELEASE.jar:/home/redayoub/.m2/repository/org/springframework/spring-context/5.0.12.RELEASE/spring-context-5.0.12.RELEASE.jar:/home/redayoub/.m2/repository/org/springframework/spring-tx/5.0.12.RELEASE/spring-tx-5.0.12.RELEASE.jar:/home/redayoub/.m2/repository/org/springframework/spring-beans/5.0.12.RELEASE/spring-beans-5.0.12.RELEASE.jar:/home/redayoub/.m2/repository/org/springframework/spring-aspects/5.0.12.RELEASE/spring-aspects-5.0.12.RELEASE.jar:/home/redayoub/.m2/repository/org/springframework/boot/spring-boot-starter-web/2.0.8.RELEASE/spring-boot-starter-web-2.0.8.RELEASE.jar:/home/redayoub/.m2/repository/org/springframework/boot/spring-boot-starter-json/2.0.8.RELEASE/spring-boot-starter-json-2.0.8.RELEASE.jar:/home/redayoub/.m2/repository/com/fasterxml/jackson/core/jackson-databind/2.9.8/jackson-databind-2.9.8.jar:/home/redayoub/.m2/repository/com/fasterxml/jackson/core/jackson-annotations/2.9.0/jackson-annotations-2.9.0.jar:/home/redayoub/.m2/repository/com/fasterxml/jackson/core/jackson-core/2.9.8/jackson-core-2.9.8.jar:/home/redayoub/.m2/repository/com/fasterxml/jackson/datatype/jackson-datatype-jdk8/2.9.8/jackson-datatype-jdk8-2.9.8.jar:/home/redayoub/.m2/repository/com/fasterxml/jackson/datatype/jackson-datatype-jsr310/2.9.8/jackson-datatype-jsr310-2.9.8.jar:/home/redayoub/.m2/repository/com/fasterxml/jackson/module/jackson-module-parameter-names/2.9.8/jackson-module-parameter-names-2.9.8.jar:/home/redayoub/.m2/repository/org/springframework/boot/spring-boot-starter-tomcat/2.0.8.RELEASE/spring-boot-starter-tomcat-2.0.8.RELEASE.jar:/home/redayoub/.m2/repository/org/apache/tomcat/embed/tomcat-embed-core/8.5.37/tomcat-embed-core-8.5.37.jar:/home/redayoub/.m2/repository/org/apache/tomcat/embed/tomcat-embed-el/8.5.37/tomcat-embed-el-8.5.37.jar:/home/redayoub/.m2/repository/org/apache/tomcat/embed/tomcat-embed-websocket/8.5.37/tomcat-embed-websocket-8.5.37.jar:/home/redayoub/.m2/repository/org/hibernate/validator/hibernate-validator/6.0.14.Final/hibernate-validator-6.0.14.Final.jar:/home/redayoub/.m2/repository/javax/validation/validation-api/2.0.1.Final/validation-api-2.0.1.Final.jar:/home/redayoub/.m2/repository/org/springframework/spring-web/5.0.12.RELEASE/spring-web-5.0.12.RELEASE.jar:/home/redayoub/.m2/repository/org/springframework/spring-webmvc/5.0.12.RELEASE/spring-webmvc-5.0.12.RELEASE.jar:/home/redayoub/.m2/repository/org/springframework/spring-expression/5.0.12.RELEASE/spring-expression-5.0.12.RELEASE.jar:/home/redayoub/.m2/repository/org/springframework/boot/spring-boot-devtools/2.0.8.RELEASE/spring-boot-devtools-2.0.8.RELEASE.jar:/home/redayoub/.m2/repository/org/springframework/boot/spring-boot/2.0.8.RELEASE/spring-boot-2.0.8.RELEASE.jar:/home/redayoub/.m2/repository/org/springframework/boot/spring-boot-autoconfigure/2.0.8.RELEASE/spring-boot-autoconfigure-2.0.8.RELEASE.jar:/home/redayoub/.m2/repository/mysql/mysql-connector-java/5.1.47/mysql-connector-java-5.1.47.jar:/home/redayoub/.m2/repository/org/springframework/boot/spring-boot-starter-test/2.0.8.RELEASE/spring-boot-starter-test-2.0.8.RELEASE.jar:/home/redayoub/.m2/repository/org/springframework/boot/spring-boot-test/2.0.8.RELEASE/spring-boot-test-2.0.8.RELEASE.jar:/home/redayoub/.m2/repository/org/springframework/boot/spring-boot-test-autoconfigure/2.0.8.RELEASE/spring-boot-test-autoconfigure-2.0.8.RELEASE.jar:/home/redayoub/.m2/repository/com/jayway/jsonpath/json-path/2.4.0/json-path-2.4.0.jar:/home/redayoub/.m2/repository/net/minidev/json-smart/2.3/json-smart-2.3.jar:/home/redayoub/.m2/repository/net/minidev/accessors-smart/1.2/accessors-smart-1.2.jar:/home/redayoub/.m2/repository/org/ow2/asm/asm/5.0.4/asm-5.0.4.jar:/home/redayoub/.m2/repository/junit/junit/4.12/junit-4.12.jar:/home/redayoub/.m2/repository/org/assertj/assertj-core/3.9.1/assertj-core-3.9.1.jar:/home/redayoub/.m2/repository/org/mockito/mockito-core/2.15.0/mockito-core-2.15.0.jar:/home/redayoub/.m2/repository/net/bytebuddy/byte-buddy/1.7.11/byte-buddy-1.7.11.jar:/home/redayoub/.m2/repository/net/bytebuddy/byte-buddy-agent/1.7.11/byte-buddy-agent-1.7.11.jar:/home/redayoub/.m2/repository/org/objenesis/objenesis/2.6/objenesis-2.6.jar:/home/redayoub/.m2/repository/org/hamcrest/hamcrest-core/1.3/hamcrest-core-1.3.jar:/home/redayoub/.m2/repository/org/hamcrest/hamcrest-library/1.3/hamcrest-library-1.3.jar:/home/redayoub/.m2/repository/org/skyscreamer/jsonassert/1.5.0/jsonassert-1.5.0.jar:/home/redayoub/.m2/repository/com/vaadin/external/google/android-json/0.0.20131108.vaadin1/android-json-0.0.20131108.vaadin1.jar:/home/redayoub/.m2/repository/org/springframework/spring-core/5.0.12.RELEASE/spring-core-5.0.12.RELEASE.jar:/home/redayoub/.m2/repository/org/springframework/spring-jcl/5.0.12.RELEASE/spring-jcl-5.0.12.RELEASE.jar:/home/redayoub/.m2/repository/org/springframework/spring-test/5.0.12.RELEASE/spring-test-5.0.12.RELEASE.jar:/home/redayoub/.m2/repository/org/xmlunit/xmlunit-core/2.5.1/xmlunit-core-2.5.1.jar:/home/redayoub/.m2/repository/com/google/firebase/firebase-admin/6.8.0/firebase-admin-6.8.0.jar:/home/redayoub/.m2/repository/com/google/api-client/google-api-client/1.25.0/google-api-client-1.25.0.jar:/home/redayoub/.m2/repository/com/google/oauth-client/google-oauth-client/1.25.0/google-oauth-client-1.25.0.jar:/home/redayoub/.m2/repository/com/google/http-client/google-http-client-jackson2/1.25.0/google-http-client-jackson2-1.25.0.jar:/home/redayoub/.m2/repository/com/google/api-client/google-api-client-gson/1.25.0/google-api-client-gson-1.25.0.jar:/home/redayoub/.m2/repository/com/google/http-client/google-http-client-gson/1.25.0/google-http-client-gson-1.25.0.jar:/home/redayoub/.m2/repository/com/google/code/gson/gson/2.8.5/gson-2.8.5.jar:/home/redayoub/.m2/repository/com/google/http-client/google-http-client/1.25.0/google-http-client-1.25.0.jar:/home/redayoub/.m2/repository/com/google/code/findbugs/jsr305/3.0.2/jsr305-3.0.2.jar:/home/redayoub/.m2/repository/org/apache/httpcomponents/httpclient/4.5.6/httpclient-4.5.6.jar:/home/redayoub/.m2/repository/org/apache/httpcomponents/httpcore/4.4.10/httpcore-4.4.10.jar:/home/redayoub/.m2/repository/commons-codec/commons-codec/1.11/commons-codec-1.11.jar:/home/redayoub/.m2/repository/com/google/j2objc/j2objc-annotations/1.1/j2objc-annotations-1.1.jar:/home/redayoub/.m2/repository/com/google/api/api-common/1.7.0/api-common-1.7.0.jar:/home/redayoub/.m2/repository/com/google/auth/google-auth-library-oauth2-http/0.11.0/google-auth-library-oauth2-http-0.11.0.jar:/home/redayoub/.m2/repository/com/google/auth/google-auth-library-credentials/0.11.0/google-auth-library-credentials-0.11.0.jar:/home/redayoub/.m2/repository/com/google/cloud/google-cloud-storage/1.43.0/google-cloud-storage-1.43.0.jar:/home/redayoub/.m2/repository/com/google/cloud/google-cloud-core/1.43.0/google-cloud-core-1.43.0.jar:/home/redayoub/.m2/repository/joda-time/joda-time/2.9.9/joda-time-2.9.9.jar:/home/redayoub/.m2/repository/com/google/api/gax/1.30.0/gax-1.30.0.jar:/home/redayoub/.m2/repository/com/google/protobuf/protobuf-java-util/3.6.0/protobuf-java-util-3.6.0.jar:/home/redayoub/.m2/repository/com/google/api/grpc/proto-google-common-protos/1.12.0/proto-google-common-protos-1.12.0.jar:/home/redayoub/.m2/repository/com/google/api/grpc/proto-google-iam-v1/0.12.0/proto-google-iam-v1-0.12.0.jar:/home/redayoub/.m2/repository/com/google/cloud/google-cloud-core-http/1.43.0/google-cloud-core-http-1.43.0.jar:/home/redayoub/.m2/repository/com/google/http-client/google-http-client-appengine/1.24.1/google-http-client-appengine-1.24.1.jar:/home/redayoub/.m2/repository/com/google/http-client/google-http-client-jackson/1.24.1/google-http-client-jackson-1.24.1.jar:/home/redayoub/.m2/repository/org/codehaus/jackson/jackson-core-asl/1.9.11/jackson-core-asl-1.9.11.jar:/home/redayoub/.m2/repository/com/google/api/gax-httpjson/0.47.0/gax-httpjson-0.47.0.jar:/home/redayoub/.m2/repository/io/opencensus/opencensus-contrib-http-util/0.15.0/opencensus-contrib-http-util-0.15.0.jar:/home/redayoub/.m2/repository/com/google/apis/google-api-services-storage/v1-rev135-1.24.1/google-api-services-storage-v1-rev135-1.24.1.jar:/home/redayoub/.m2/repository/com/google/cloud/google-cloud-firestore/0.61.0-beta/google-cloud-firestore-0.61.0-beta.jar:/home/redayoub/.m2/repository/com/google/cloud/google-cloud-core-grpc/1.43.0/google-cloud-core-grpc-1.43.0.jar:/home/redayoub/.m2/repository/com/google/protobuf/protobuf-java/3.6.0/protobuf-java-3.6.0.jar:/home/redayoub/.m2/repository/io/grpc/grpc-protobuf/1.13.1/grpc-protobuf-1.13.1.jar:/home/redayoub/.m2/repository/io/grpc/grpc-protobuf-lite/1.13.1/grpc-protobuf-lite-1.13.1.jar:/home/redayoub/.m2/repository/io/grpc/grpc-context/1.13.1/grpc-context-1.13.1.jar:/home/redayoub/.m2/repository/com/google/api/gax-grpc/1.30.0/gax-grpc-1.30.0.jar:/home/redayoub/.m2/repository/org/threeten/threetenbp/1.3.3/threetenbp-1.3.3.jar:/home/redayoub/.m2/repository/com/google/api/grpc/proto-google-cloud-firestore-v1beta1/0.26.0/proto-google-cloud-firestore-v1beta1-0.26.0.jar:/home/redayoub/.m2/repository/com/google/auto/value/auto-value/1.4/auto-value-1.4.jar:/home/redayoub/.m2/repository/io/grpc/grpc-netty-shaded/1.13.1/grpc-netty-shaded-1.13.1.jar:/home/redayoub/.m2/repository/io/grpc/grpc-core/1.13.1/grpc-core-1.13.1.jar:/home/redayoub/.m2/repository/com/google/errorprone/error_prone_annotations/2.1.2/error_prone_annotations-2.1.2.jar:/home/redayoub/.m2/repository/io/opencensus/opencensus-contrib-grpc-metrics/0.12.3/opencensus-contrib-grpc-metrics-0.12.3.jar:/home/redayoub/.m2/repository/io/grpc/grpc-stub/1.13.1/grpc-stub-1.13.1.jar:/home/redayoub/.m2/repository/io/grpc/grpc-auth/1.13.1/grpc-auth-1.13.1.jar:/home/redayoub/.m2/repository/io/opencensus/opencensus-api/0.15.0/opencensus-api-0.15.0.jar:/home/redayoub/.m2/repository/io/opencensus/opencensus-contrib-grpc-util/0.15.0/opencensus-contrib-grpc-util-0.15.0.jar:/home/redayoub/.m2/repository/com/google/guava/guava/20.0/guava-20.0.jar:/home/redayoub/.m2/repository/org/slf4j/slf4j-api/1.7.25/slf4j-api-1.7.25.jar:/home/redayoub/.m2/repository/io/netty/netty-codec-http/4.1.31.Final/netty-codec-http-4.1.31.Final.jar:/home/redayoub/.m2/repository/io/netty/netty-codec/4.1.31.Final/netty-codec-4.1.31.Final.jar:/home/redayoub/.m2/repository/io/netty/netty-handler/4.1.31.Final/netty-handler-4.1.31.Final.jar:/home/redayoub/.m2/repository/io/netty/netty-buffer/4.1.31.Final/netty-buffer-4.1.31.Final.jar:/home/redayoub/.m2/repository/io/netty/netty-common/4.1.31.Final/netty-common-4.1.31.Final.jar:/home/redayoub/.m2/repository/io/netty/netty-transport/4.1.31.Final/netty-transport-4.1.31.Final.jar:/home/redayoub/.m2/repository/io/netty/netty-resolver/4.1.31.Final/netty-resolver-4.1.31.Final.jar:/home/redayoub/.m2/repository/org/modelmapper/modelmapper/2.3.0/modelmapper-2.3.0.jar:/home/redayoub/.m2/repository/org/projectlombok/lombok/1.16.22/lombok-1.16.22.jar:"/>
    <property name="sun.cpu.endian" value="little"/>
    <property name="user.home" value="/home/redayoub"/>
    <property name="user.language" value="en"/>
    <property name="java.specification.vendor" value="Oracle Corporation"/>
    <property name="java.home" value="/opt/java/jdk1.8.0_211/jre"/>
    <property name="basedir" value="/home/redayoub/IdeaProjects/HeyDocServer2"/>
    <property name="file.separator" value="/"/>
    <property name="line.separator" value="&#10;"/>
    <property name="java.vm.specification.vendor" value="Oracle Corporation"/>
    <property name="java.specification.name" value="Java Platform API Specification"/>
    <property name="java.awt.graphicsenv" value="sun.awt.X11GraphicsEnvironment"/>
    <property name="surefire.real.class.path" value="/home/redayoub/IdeaProjects/HeyDocServer2/target/surefire/surefirebooter3964798266294214034.jar"/>
    <property name="sun.boot.class.path" value="/opt/java/jdk1.8.0_211/jre/lib/resources.jar:/opt/java/jdk1.8.0_211/jre/lib/rt.jar:/opt/java/jdk1.8.0_211/jre/lib/sunrsasign.jar:/opt/java/jdk1.8.0_211/jre/lib/jsse.jar:/opt/java/jdk1.8.0_211/jre/lib/jce.jar:/opt/java/jdk1.8.0_211/jre/lib/charsets.jar:/opt/java/jdk1.8.0_211/jre/lib/jfr.jar:/opt/java/jdk1.8.0_211/jre/classes"/>
    <property name="sun.management.compiler" value="HotSpot 64-Bit Tiered Compilers"/>
    <property name="java.runtime.version" value="1.8.0_211-b12"/>
    <property name="user.name" value="redayoub"/>
    <property name="path.separator" value=":"/>
    <property name="os.version" value="4.15.0-48-generic"/>
    <property name="java.endorsed.dirs" value="/opt/java/jdk1.8.0_211/jre/lib/endorsed"/>
    <property name="java.runtime.name" value="Java(TM) SE Runtime Environment"/>
    <property name="file.encoding" value="UTF-8"/>
    <property name="java.vm.name" value="Java HotSpot(TM) 64-Bit Server VM"/>
    <property name="localRepository" value="/home/redayoub/.m2/repository"/>
    <property name="java.vendor.url.bug" value="http://bugreport.sun.com/bugreport/"/>
    <property name="java.io.tmpdir" value="/tmp"/>
    <property name="java.version" value="1.8.0_211"/>
    <property name="user.dir" value="/home/redayoub/IdeaProjects/HeyDocServer2"/>
    <property name="os.arch" value="amd64"/>
    <property name="java.vm.specification.name" value="Java Virtual Machine Specification"/>
    <property name="java.awt.printerjob" value="sun.print.PSPrinterJob"/>
    <property name="sun.os.patch.level" value="unknown"/>
    <property name="java.library.path" value="/usr/java/packages/lib/amd64:/usr/lib64:/lib64:/lib:/usr/lib"/>
    <property name="java.vm.info" value="mixed mode"/>
    <property name="java.vendor" value="Oracle Corporation"/>
    <property name="java.vm.version" value="25.211-b12"/>
    <property name="java.ext.dirs" value="/opt/java/jdk1.8.0_211/jre/lib/ext:/usr/java/packages/lib/ext"/>
    <property name="sun.io.unicode.encoding" value="UnicodeLittle"/>
    <property name="java.class.version" value="52.0"/>
  </properties>
  <testcase name="initializationError" classname="com.pro0inter.HeyDocServer.HeyDocServerApplicationTests" time="0.006">
    <error message="No runnable methods" type="java.lang.Exception">java.lang.Exception: No runnable methods
</error>
  </testcase>
</testsuite>